2022-07-26 13:49:54,171 root INFO Create a Function to print the Data Science Course  
2022-07-26 13:49:54,172 root INFO ['Full Stack Data Science', 'Python', 'Machine Learning', 'Deep Learning', 'Computer Vision']  
2022-07-26 13:49:54,172 root INFO ['Full Stack Data Science', 'Python', 'Machine Learning', 'Deep Learning', 'Computer Vision']  
2022-07-26 13:50:26,921 root INFO Create a Function to print the Data Science Course  
2022-07-26 13:50:26,922 root INFO ['Full Stack Data Science', 'Python', 'Machine Learning', 'Deep Learning', 'Computer Vision']  
2022-07-26 13:50:26,922 root INFO None  
2022-07-26 13:51:35,343 root INFO Create a Function to print the Data Science Course  
2022-07-26 13:51:35,343 root INFO ['Full Stack Data Science', 'Python', 'Machine Learning', 'Deep Learning', 'Computer Vision']  
2022-07-26 13:51:35,343 root INFO ['Full Stack Data Science', 'Python', 'Machine Learning', 'Deep Learning', 'Computer Vision']  
2022-07-26 13:51:35,344 root INFO ['Full Stack Data Science', 'Python', 'Machine Learning', 'Deep Learning', 'Computer Vision']  
2022-07-26 13:55:34,685 root INFO Create a Function to print the Data Science Course  
2022-07-26 13:55:34,686 root INFO ['Full Stack Data Science', 'Python', 'Machine Learning', 'Deep Learning', 'Computer Vision']  
2022-07-26 13:55:34,686 root INFO ['Full Stack Data Science', 'Python', 'Machine Learning', 'Deep Learning', 'Computer Vision']  
2022-07-26 13:55:34,690 root INFO create a function to print all the course available in Big Data  
2022-07-26 13:55:34,691 root INFO ['Big Data Master', 'Big Data on Cloud']  
2022-07-26 13:55:34,691 root INFO ['Big Data Master', 'Big Data on Cloud']  
2022-07-26 13:55:34,691 root INFO ['Full Stack Data Science', 'Python', 'Machine Learning', 'Deep Learning', 'Computer Vision']  
2022-07-26 13:56:08,260 root INFO Create a Function to print the Data Science Course  
2022-07-26 13:56:08,261 root INFO ['Full Stack Data Science', 'Python', 'Machine Learning', 'Deep Learning', 'Computer Vision']  
2022-07-26 13:56:08,261 root INFO ['Full Stack Data Science', 'Python', 'Machine Learning', 'Deep Learning', 'Computer Vision']  
2022-07-26 13:56:08,262 root INFO create a function to print all the course available in Big Data  
2022-07-26 13:56:08,262 root INFO ['Big Data Master', 'Big Data on Cloud']  
2022-07-26 13:56:08,262 root INFO ['Big Data Master', 'Big Data on Cloud']  
2022-07-26 13:56:08,262 root INFO ['Full Stack Data Science', 'Python', 'Machine Learning', 'Deep Learning', 'Computer Vision']  
2022-07-26 13:56:54,658 root INFO Create a Function to print the Data Science Course  
2022-07-26 13:56:54,659 root INFO ['Full Stack Data Science', 'Python', 'Machine Learning', 'Deep Learning', 'Computer Vision']  
2022-07-26 13:56:54,659 root INFO ['Full Stack Data Science', 'Python', 'Machine Learning', 'Deep Learning', 'Computer Vision']  
2022-07-26 13:56:54,660 root INFO create a function to print all the course available in Big Data  
2022-07-26 13:56:54,660 root INFO ['Big Data Master', 'Big Data on Cloud']  
2022-07-26 13:56:54,660 root INFO ['Big Data Master', 'Big Data on Cloud']  
2022-07-26 13:56:54,661 root INFO ['Big Data Master', 'Big Data on Cloud']  
2022-07-26 13:56:54,661 root INFO ['Full Stack Data Science', 'Python', 'Machine Learning', 'Deep Learning', 'Computer Vision']  
2022-07-26 13:57:41,142 root INFO Create a Function to print the Data Science Course  
2022-07-26 13:57:41,142 root INFO ['Full Stack Data Science', 'Python', 'Machine Learning', 'Deep Learning', 'Computer Vision']  
2022-07-26 13:57:41,142 root INFO ['Full Stack Data Science', 'Python', 'Machine Learning', 'Deep Learning', 'Computer Vision']  
2022-07-26 13:57:41,143 root INFO create a function to print all the course available in Big Data  
2022-07-26 13:57:41,143 root INFO ['Big Data Master', 'Big Data on Cloud']  
2022-07-26 13:57:41,143 root INFO ['Big Data Master', 'Big Data on Cloud']  
2022-07-26 13:57:41,143 root INFO ['Big Data Master', 'Big Data on Cloud']  
2022-07-26 13:57:41,144 root INFO ['Full Stack Data Science', 'Python', 'Machine Learning', 'Deep Learning', 'Computer Vision']  
2022-07-26 13:57:41,144 root INFO ['Full Stack Data Science', 'Python', 'Machine Learning', 'Deep Learning', 'Computer Vision']  
2022-07-26 13:57:59,645 root INFO Create a Function to print the Data Science Course  
2022-07-26 13:57:59,646 root INFO ['Full Stack Data Science', 'Python', 'Machine Learning', 'Deep Learning', 'Computer Vision']  
2022-07-26 13:57:59,646 root INFO ['Full Stack Data Science', 'Python', 'Machine Learning', 'Deep Learning', 'Computer Vision']  
2022-07-26 13:57:59,647 root INFO create a function to print all the course available in Big Data  
2022-07-26 13:57:59,648 root INFO ['Big Data Master', 'Big Data on Cloud']  
2022-07-26 13:57:59,648 root INFO ['Big Data Master', 'Big Data on Cloud']  
2022-07-26 13:57:59,648 root INFO ['Full Stack Data Science', 'Python', 'Machine Learning', 'Deep Learning', 'Computer Vision']  
2022-07-26 13:57:59,648 root INFO ['Full Stack Data Science', 'Python', 'Machine Learning', 'Deep Learning', 'Computer Vision']  
2022-07-26 13:58:51,601 root INFO Create a Function to print the Data Science Course  
2022-07-26 13:58:51,601 root INFO ['Full Stack Data Science', 'Python', 'Machine Learning', 'Deep Learning', 'Computer Vision']  
2022-07-26 13:58:51,602 root INFO ['Full Stack Data Science', 'Python', 'Machine Learning', 'Deep Learning', 'Computer Vision']  
2022-07-26 13:58:51,603 root INFO create a function to print all the course available in Big Data  
2022-07-26 13:58:51,603 root INFO ['Big Data Master', 'Big Data on Cloud']  
2022-07-26 13:58:51,603 root INFO ['Big Data Master', 'Big Data on Cloud']  
2022-07-26 13:58:51,603 root INFO ['Full Stack Data Science', 'Python', 'Machine Learning', 'Deep Learning', 'Computer Vision']  
2022-07-26 13:58:51,603 root INFO ['Full Stack Data Science', 'Python', 'Machine Learning', 'Deep Learning', 'Computer Vision']  
2022-07-26 13:59:01,570 root INFO Create a Function to print the Data Science Course  
2022-07-26 13:59:01,571 root INFO ['Full Stack Data Science', 'Python', 'Machine Learning', 'Deep Learning', 'Computer Vision']  
2022-07-26 13:59:01,571 root INFO ['Full Stack Data Science', 'Python', 'Machine Learning', 'Deep Learning', 'Computer Vision']  
2022-07-26 13:59:01,572 root INFO create a function to print all the course available in Big Data  
2022-07-26 13:59:01,572 root INFO ['Big Data Master', 'Big Data on Cloud']  
2022-07-26 13:59:01,572 root INFO ['Big Data Master', 'Big Data on Cloud']  
2022-07-26 13:59:01,572 root INFO ['Full Stack Data Science', 'Python', 'Machine Learning', 'Deep Learning', 'Computer Vision']  
2022-07-26 13:59:51,580 root INFO Create a Function to print the Data Science Course  
2022-07-26 13:59:51,580 root INFO ['Full Stack Data Science', 'Python', 'Machine Learning', 'Deep Learning', 'Computer Vision']  
2022-07-26 13:59:51,580 root INFO ['Full Stack Data Science', 'Python', 'Machine Learning', 'Deep Learning', 'Computer Vision']  
2022-07-26 13:59:51,586 root INFO create a function to print all the course available in Big Data  
2022-07-26 13:59:51,587 root INFO ['Big Data Master', 'Big Data on Cloud']  
2022-07-26 13:59:51,587 root INFO ['Big Data Master', 'Big Data on Cloud']  
2022-07-26 13:59:51,587 root INFO ['Big Data Master', 'Big Data on Cloud']  
2022-07-26 13:59:51,587 root INFO ['Full Stack Data Science', 'Python', 'Machine Learning', 'Deep Learning', 'Computer Vision']  
2022-07-26 14:00:02,748 root INFO Create a Function to print the Data Science Course  
2022-07-26 14:00:02,748 root INFO ['Full Stack Data Science', 'Python', 'Machine Learning', 'Deep Learning', 'Computer Vision']  
2022-07-26 14:00:02,749 root INFO ['Full Stack Data Science', 'Python', 'Machine Learning', 'Deep Learning', 'Computer Vision']  
2022-07-26 14:00:02,750 root INFO create a function to print all the course available in Big Data  
2022-07-26 14:00:02,750 root INFO ['Big Data Master', 'Big Data on Cloud']  
2022-07-26 14:00:02,750 root INFO ['Big Data Master', 'Big Data on Cloud']  
2022-07-26 14:00:02,750 root INFO ['Big Data Master', 'Big Data on Cloud']  
2022-07-26 14:00:30,492 root INFO Create a Function to print the Data Science Course  
2022-07-26 14:00:30,493 root INFO ['Full Stack Data Science', 'Python', 'Machine Learning', 'Deep Learning', 'Computer Vision']  
2022-07-26 14:00:30,493 root INFO ['Full Stack Data Science', 'Python', 'Machine Learning', 'Deep Learning', 'Computer Vision']  
2022-07-26 14:00:30,494 root INFO create a function to print all the course available in Big Data  
2022-07-26 14:00:30,494 root INFO ['Big Data Master', 'Big Data on Cloud']  
2022-07-26 14:00:30,494 root INFO ['Big Data Master', 'Big Data on Cloud']  
2022-07-26 14:00:30,494 root INFO ['Big Data Master', 'Big Data on Cloud']  
2022-07-26 14:00:47,124 root INFO Create a Function to print the Data Science Course  
2022-07-26 14:00:47,124 root INFO ['Full Stack Data Science', 'Python', 'Machine Learning', 'Deep Learning', 'Computer Vision']  
2022-07-26 14:00:47,125 root INFO ['Full Stack Data Science', 'Python', 'Machine Learning', 'Deep Learning', 'Computer Vision']  
2022-07-26 14:00:47,127 root INFO create a function to print all the course available in Big Data  
2022-07-26 14:00:47,127 root INFO ['Big Data Master', 'Big Data on Cloud']  
2022-07-26 14:00:47,127 root INFO ['Big Data Master', 'Big Data on Cloud']  
2022-07-26 14:00:47,127 root INFO ['Big Data Master', 'Big Data on Cloud']  
2022-07-26 14:00:47,128 root INFO ['Full Stack Data Science', 'Python', 'Machine Learning', 'Deep Learning', 'Computer Vision']  
2022-07-26 14:00:55,592 root INFO Create a Function to print the Data Science Course  
2022-07-26 14:00:55,593 root INFO ['Full Stack Data Science', 'Python', 'Machine Learning', 'Deep Learning', 'Computer Vision']  
2022-07-26 14:00:55,593 root INFO ['Full Stack Data Science', 'Python', 'Machine Learning', 'Deep Learning', 'Computer Vision']  
2022-07-26 14:00:55,594 root INFO create a function to print all the course available in Big Data  
2022-07-26 14:00:55,594 root INFO ['Big Data Master', 'Big Data on Cloud']  
2022-07-26 14:00:55,594 root INFO ['Big Data Master', 'Big Data on Cloud']  
2022-07-26 14:00:55,594 root INFO ['Big Data Master', 'Big Data on Cloud']  
2022-07-26 14:00:55,595 root INFO ['Full Stack Data Science', 'Python', 'Machine Learning', 'Deep Learning', 'Computer Vision']  
2022-07-26 14:00:55,595 root INFO ['Full Stack Data Science', 'Python', 'Machine Learning', 'Deep Learning', 'Computer Vision']  
2022-07-26 14:01:11,668 root INFO Create a Function to print the Data Science Course  
2022-07-26 14:01:11,669 root INFO ['Full Stack Data Science', 'Python', 'Machine Learning', 'Deep Learning', 'Computer Vision']  
2022-07-26 14:01:11,669 root INFO None  
2022-07-26 14:01:11,670 root INFO create a function to print all the course available in Big Data  
2022-07-26 14:01:11,670 root INFO ['Big Data Master', 'Big Data on Cloud']  
2022-07-26 14:01:11,670 root INFO ['Big Data Master', 'Big Data on Cloud']  
2022-07-26 14:01:11,671 root INFO ['Big Data Master', 'Big Data on Cloud']  
2022-07-26 14:01:11,671 root INFO ['Full Stack Data Science', 'Python', 'Machine Learning', 'Deep Learning', 'Computer Vision']  
2022-07-26 14:01:11,671 root INFO ['Full Stack Data Science', 'Python', 'Machine Learning', 'Deep Learning', 'Computer Vision']  
2022-07-26 14:01:26,734 root INFO Create a Function to print the Data Science Course  
2022-07-26 14:01:26,735 root INFO ['Full Stack Data Science', 'Python', 'Machine Learning', 'Deep Learning', 'Computer Vision']  
2022-07-26 14:01:26,735 root INFO None  
2022-07-26 14:01:26,739 root INFO create a function to print all the course available in Big Data  
2022-07-26 14:01:26,739 root INFO ['Big Data Master', 'Big Data on Cloud']  
2022-07-26 14:01:26,739 root INFO None  
2022-07-26 14:01:26,739 root INFO ['Big Data Master', 'Big Data on Cloud']  
2022-07-26 14:01:26,740 root INFO ['Full Stack Data Science', 'Python', 'Machine Learning', 'Deep Learning', 'Computer Vision']  
2022-07-26 14:01:26,740 root INFO ['Full Stack Data Science', 'Python', 'Machine Learning', 'Deep Learning', 'Computer Vision']  
2022-07-26 14:01:45,125 root INFO Create a Function to print the Data Science Course  
2022-07-26 14:01:45,125 root INFO ['Full Stack Data Science', 'Python', 'Machine Learning', 'Deep Learning', 'Computer Vision']  
2022-07-26 14:01:45,125 root INFO ['Full Stack Data Science', 'Python', 'Machine Learning', 'Deep Learning', 'Computer Vision']  
2022-07-26 14:01:45,129 root INFO create a function to print all the course available in Big Data  
2022-07-26 14:01:45,129 root INFO ['Big Data Master', 'Big Data on Cloud']  
2022-07-26 14:01:45,129 root INFO ['Big Data Master', 'Big Data on Cloud']  
2022-07-26 14:01:45,129 root INFO ['Big Data Master', 'Big Data on Cloud']  
2022-07-26 14:01:45,129 root INFO ['Full Stack Data Science', 'Python', 'Machine Learning', 'Deep Learning', 'Computer Vision']  
2022-07-26 14:01:45,129 root INFO ['Full Stack Data Science', 'Python', 'Machine Learning', 'Deep Learning', 'Computer Vision']  
2022-07-26 14:02:05,293 root INFO Create a Function to print the Data Science Course  
2022-07-26 14:02:05,294 root INFO ['Full Stack Data Science', 'Python', 'Machine Learning', 'Deep Learning', 'Computer Vision']  
2022-07-26 14:02:05,294 root INFO ['Full Stack Data Science', 'Python', 'Machine Learning', 'Deep Learning', 'Computer Vision']  
2022-07-26 14:02:05,299 root INFO create a function to print all the course available in Big Data  
2022-07-26 14:02:05,299 root INFO ['Big Data Master', 'Big Data on Cloud']  
2022-07-26 14:02:05,299 root INFO ['Big Data Master', 'Big Data on Cloud']  
2022-07-26 14:02:05,299 root INFO ['Full Stack Data Science', 'Python', 'Machine Learning', 'Deep Learning', 'Computer Vision']  
2022-07-26 14:02:05,299 root INFO ['Full Stack Data Science', 'Python', 'Machine Learning', 'Deep Learning', 'Computer Vision']  
2022-07-26 14:02:28,416 root INFO Create a Function to print the Data Science Course  
2022-07-26 14:02:28,417 root INFO ['Full Stack Data Science', 'Python', 'Machine Learning', 'Deep Learning', 'Computer Vision']  
2022-07-26 14:02:28,417 root INFO ['Full Stack Data Science', 'Python', 'Machine Learning', 'Deep Learning', 'Computer Vision']  
2022-07-26 14:02:28,419 root INFO create a function to print all the course available in Big Data  
2022-07-26 14:02:28,420 root INFO ['Big Data Master', 'Big Data on Cloud']  
2022-07-26 14:02:28,420 root INFO ['Big Data Master', 'Big Data on Cloud']  
2022-07-26 14:02:28,420 root INFO ['Full Stack Data Science', 'Python', 'Machine Learning', 'Deep Learning', 'Computer Vision']  
2022-07-26 14:02:28,420 root INFO ['Full Stack Data Science', 'Python', 'Machine Learning', 'Deep Learning', 'Computer Vision']  
2022-07-26 14:02:41,984 root INFO Create a Function to print the Data Science Course  
2022-07-26 14:02:41,985 root INFO ['Full Stack Data Science', 'Python', 'Machine Learning', 'Deep Learning', 'Computer Vision']  
2022-07-26 14:02:41,985 root INFO ['Full Stack Data Science', 'Python', 'Machine Learning', 'Deep Learning', 'Computer Vision']  
2022-07-26 14:02:41,986 root INFO create a function to print all the course available in Big Data  
2022-07-26 14:02:41,986 root INFO ['Big Data Master', 'Big Data on Cloud']  
2022-07-26 14:02:41,986 root INFO ['Big Data Master', 'Big Data on Cloud']  
2022-07-26 14:02:41,986 root INFO ['Full Stack Data Science', 'Python', 'Machine Learning', 'Deep Learning', 'Computer Vision']  
2022-07-26 14:02:41,986 root INFO ['Full Stack Data Science', 'Python', 'Machine Learning', 'Deep Learning', 'Computer Vision']  
2022-07-26 14:05:00,538 root INFO Create a Function to print the Data Science Course  
2022-07-26 14:05:00,539 root INFO ['Full Stack Data Science', 'Python', 'Machine Learning', 'Deep Learning', 'Computer Vision']  
2022-07-26 14:05:00,539 root INFO ['Full Stack Data Science', 'Python', 'Machine Learning', 'Deep Learning', 'Computer Vision']  
2022-07-26 14:05:00,543 root INFO create a function to print all the course available in Big Data  
2022-07-26 14:05:00,544 root INFO ['Big Data Master', 'Big Data on Cloud']  
2022-07-26 14:05:00,544 root INFO ['Big Data Master', 'Big Data on Cloud']  
2022-07-26 14:05:00,544 root INFO ['Full Stack Data Science', 'Python', 'Machine Learning', 'Deep Learning', 'Computer Vision']  
2022-07-26 14:05:00,546 root INFO ['Full Stack Data Science', 'Python', 'Machine Learning', 'Deep Learning', 'Computer Vision']  
2022-07-26 14:05:00,546 root INFO ['Full Stack Data Science', 'Python', 'Machine Learning', 'Deep Learning', 'Computer Vision']  
2022-07-26 14:05:32,465 root INFO Create a Function to print the Data Science Course  
2022-07-26 14:05:32,465 root INFO ['Full Stack Data Science', 'Python', 'Machine Learning', 'Deep Learning', 'Computer Vision']  
2022-07-26 14:05:32,466 root INFO ['Full Stack Data Science', 'Python', 'Machine Learning', 'Deep Learning', 'Computer Vision']  
2022-07-26 14:05:32,468 root INFO create a function to print all the course available in Big Data  
2022-07-26 14:05:32,468 root INFO ['Big Data Master', 'Big Data on Cloud']  
2022-07-26 14:05:32,468 root INFO ['Big Data Master', 'Big Data on Cloud']  
2022-07-26 14:05:32,469 root INFO ['Full Stack Data Science', 'Python', 'Machine Learning', 'Deep Learning', 'Computer Vision']  
2022-07-26 14:05:32,469 root INFO ['Full Stack Data Science', 'Python', 'Machine Learning', 'Deep Learning', 'Computer Vision']  
2022-07-26 14:05:32,469 root INFO ['Full Stack Data Science', 'Python', 'Machine Learning', 'Deep Learning', 'Computer Vision']  
2022-07-26 14:06:01,657 root INFO Create a Function to print the Data Science Course  
2022-07-26 14:06:01,657 root INFO ['Full Stack Data Science', 'Python', 'Machine Learning', 'Deep Learning', 'Computer Vision']  
2022-07-26 14:06:01,657 root INFO ['Full Stack Data Science', 'Python', 'Machine Learning', 'Deep Learning', 'Computer Vision']  
2022-07-26 14:06:01,658 root INFO create a function to print all the course available in Big Data  
2022-07-26 14:06:01,658 root INFO ['Big Data Master', 'Big Data on Cloud']  
2022-07-26 14:06:01,658 root INFO ['Big Data Master', 'Big Data on Cloud']  
2022-07-26 14:06:01,658 root INFO ['Full Stack Data Science', 'Python', 'Machine Learning', 'Deep Learning', 'Computer Vision']  
2022-07-26 14:06:01,658 root INFO ['Full Stack Data Science', 'Python', 'Machine Learning', 'Deep Learning', 'Computer Vision']  
2022-07-26 14:06:01,658 root INFO ['Full Stack Data Science', 'Python', 'Machine Learning', 'Deep Learning', 'Computer Vision']  
2022-07-26 14:08:21,620 root INFO Create a Function to print the Data Science Course  
2022-07-26 14:08:21,621 root INFO ['Full Stack Data Science', 'Python', 'Machine Learning', 'Deep Learning', 'Computer Vision']  
2022-07-26 14:08:21,621 root INFO ['Full Stack Data Science', 'Python', 'Machine Learning', 'Deep Learning', 'Computer Vision']  
2022-07-26 14:08:21,622 root INFO create a function to print all the course available in Big Data  
2022-07-26 14:08:21,622 root INFO ['Big Data Master', 'Big Data on Cloud']  
2022-07-26 14:08:21,622 root INFO ['Big Data Master', 'Big Data on Cloud']  
2022-07-26 14:08:21,622 root INFO ['Full Stack Data Science', 'Python', 'Machine Learning', 'Deep Learning', 'Computer Vision']  
2022-07-26 14:08:21,622 root INFO ['Full Stack Data Science', 'Python', 'Machine Learning', 'Deep Learning', 'Computer Vision']  
2022-07-26 14:08:21,622 root INFO ['Full Stack Data Science', 'Python', 'Machine Learning', 'Deep Learning', 'Computer Vision']  
2022-07-26 14:12:28,945 root INFO Create a Function to print the Data Science Course  
2022-07-26 14:13:18,774 root INFO Create a Function to print the Data Science Course  
2022-07-26 14:13:43,571 root INFO Create a Function to print the Data Science Course  
